<?xml version="1.0" encoding="UTF-8"?>
<!-- Generated by org.testng.reporters.JUnitReportReporter -->
<testsuite hostname="DESKTOP-RP7TVBL" failures="0" tests="6" name="apiTestCases.CaseManagementApiTest" time="16.088" errors="0" timestamp="2025-05-27T22:40:50 IST" skipped="0">
  <testcase classname="apiTestCases.CaseManagementApiTest" name="createBillingCase" time="1.808"/>
  <testcase classname="apiTestCases.CaseManagementApiTest" name="createBillingCase" time="3.914"/>
  <testcase classname="apiTestCases.CaseManagementApiTest" name="createBillingCase" time="2.137"/>
  <testcase classname="apiTestCases.CaseManagementApiTest" name="createBillingCase" time="3.076"/>
  <testcase classname="apiTestCases.CaseManagementApiTest" name="createBillingCase" time="2.980"/>
  <testcase classname="apiTestCases.CaseManagementApiTest" name="createBillingCase" time="2.173"/>
</testsuite> <!-- apiTestCases.CaseManagementApiTest -->
